#
# There is insufficient memory for the Java Runtime Environment to continue.
# Native memory allocation (malloc) failed to allocate 32744 bytes for ChunkPool::allocate
# Possible reasons:
#   The system is out of physical RAM or swap space
#   In 32 bit mode, the process size limit was hit
# Possible solutions:
#   Reduce memory load on the system
#   Increase physical memory or swap space
#   Check if swap backing store is full
#   Use 64 bit Java on a 64 bit OS
#   Decrease Java heap size (-Xmx/-Xms)
#   Decrease number of Java threads
#   Decrease Java thread stack sizes (-Xss)
#   Set larger code cache with -XX:ReservedCodeCacheSize=
# This output file may be truncated or incomplete.
#
#  Out of Memory Error (allocation.cpp:273), pid=10916, tid=0x0000000000003108
#
# JRE version: Java(TM) SE Runtime Environment (8.0_191-b12) (build 1.8.0_191-b12)
# Java VM: Java HotSpot(TM) 64-Bit Server VM (25.191-b12 mixed mode windows-amd64 compressed oops)
# Failed to write core dump. Minidumps are not enabled by default on client versions of Windows
#

---------------  T H R E A D  ---------------

Current thread (0x0000000017910800):  JavaThread "C1 CompilerThread2" daemon [_thread_in_native, id=12552, stack(0x0000000019120000,0x0000000019220000)]

Stack: [0x0000000019120000,0x0000000019220000]
[error occurred during error reporting (printing stack bounds), id 0xc0000005]

Native frames: (J=compiled Java code, j=interpreted, Vv=VM code, C=native code)


Current CompileTask:
C1:   2058 1551       1       org.springframework.asm.ClassReader::readCode (3619 bytes)


---------------  P R O C E S S  ---------------

Java Threads: ( => current thread )
  0x0000000019de3800 JavaThread "background-preinit" [_thread_blocked, id=5924, stack(0x000000001a9a0000,0x000000001aaa0000)]
  0x0000000019bd0800 JavaThread "RMI TCP Accept-0" daemon [_thread_in_native, id=2804, stack(0x000000001a460000,0x000000001a560000)]
  0x0000000019bcd800 JavaThread "RMI TCP Accept-60807" daemon [_thread_in_native, id=10416, stack(0x000000001a360000,0x000000001a460000)]
  0x0000000019bb4000 JavaThread "RMI TCP Accept-0" daemon [_thread_in_native, id=11896, stack(0x000000001a260000,0x000000001a360000)]
  0x000000001793e000 JavaThread "Service Thread" daemon [_thread_blocked, id=9352, stack(0x0000000019620000,0x0000000019720000)]
=>0x0000000017910800 JavaThread "C1 CompilerThread2" daemon [_thread_in_native, id=12552, stack(0x0000000019120000,0x0000000019220000)]
  0x00000000178e9800 JavaThread "C2 CompilerThread1" daemon [_thread_blocked, id=3488, stack(0x0000000019020000,0x0000000019120000)]
  0x00000000178e2800 JavaThread "C2 CompilerThread0" daemon [_thread_blocked, id=9252, stack(0x0000000018f20000,0x0000000019020000)]
  0x00000000178e1000 JavaThread "Attach Listener" daemon [_thread_blocked, id=4316, stack(0x0000000018e20000,0x0000000018f20000)]
  0x00000000178df800 JavaThread "Signal Dispatcher" daemon [_thread_blocked, id=10248, stack(0x0000000018d20000,0x0000000018e20000)]
  0x0000000002e8e800 JavaThread "Finalizer" daemon [_thread_blocked, id=9156, stack(0x0000000018b30000,0x0000000018c30000)]
  0x00000000178a9000 JavaThread "Reference Handler" daemon [_thread_blocked, id=1792, stack(0x0000000018a30000,0x0000000018b30000)]
  0x0000000002d95000 JavaThread "main" [_thread_blocked, id=5232, stack(0x0000000002c70000,0x0000000002d70000)]

Other Threads:
  0x00000000178a7000 VMThread [stack: 0x0000000018930000,0x0000000018a30000] [id=2936]
  0x0000000019bd1800 WatcherThread [stack: 0x000000001a560000,0x000000001a660000] [id=11364]

VM state:at safepoint (normal execution)

VM Mutex/Monitor currently owned by a thread:  ([mutex/lock_event])
[0x0000000002d91dd0] Threads_lock - owner thread: 0x00000000178a7000
[0x0000000002d91850] Heap_lock - owner thread: 0x0000000019de3800

Heap:
 PSYoungGen      total 37888K, used 18582K [0x00000000d6800000, 0x00000000db200000, 0x0000000100000000)
  eden space 32768K, 41% used [0x00000000d6800000,0x00000000d7525f70,0x00000000d8800000)
  from space 5120K, 99% used [0x00000000d8800000,0x00000000d8cffc38,0x00000000d8d00000)
  to   space 5120K, 96% used [0x00000000dad00000,0x00000000db1d0020,0x00000000db200000)
 ParOldGen       total 86016K, used 4808K [0x0000000083800000, 0x0000000088c00000, 0x00000000d6800000)
  object space 86016K, 5% used [0x0000000083800000,0x0000000083cb22d8,0x0000000088c00000)
 Metaspace       used 20685K, capacity 21243K, committed 21296K, reserved 1067008K
  class space    used 2792K, capacity 2944K, committed 2944K, reserved 1048576K

Card table byte_map: [0x0000000012250000,0x0000000012640000] byte_map_base: 0x0000000011e34000

Marking Bits: (ParMarkBitMap*) 0x00000000736f3e30
 Begin Bits: [0x0000000012ce0000, 0x0000000014c00000)
 End Bits:   [0x0000000014c00000, 0x0000000016b20000)

Polling page: 0x0000000001260000

CodeCache: size=245760Kb used=3446Kb max_used=3446Kb free=242314Kb
 bounds [0x0000000002e90000, 0x00000000031f0000, 0x0000000011e90000]
 total_blobs=1948 nmethods=1550 adapters=310
 compilation: enabled

Compilation events (10 events):
Event: 1.306 Thread 0x0000000017910800 nmethod 1546 0x00000000031eb310 code [0x00000000031eb4a0, 0x00000000031eb738]
Event: 1.306 Thread 0x0000000017910800 1547       1       com.sun.org.apache.xerces.internal.utils.XMLLimitAnalyzer::addValue (260 bytes)
Event: 1.307 Thread 0x0000000017910800 nmethod 1547 0x00000000031eba10 code [0x00000000031ebc60, 0x00000000031ec488]
Event: 1.307 Thread 0x0000000017910800 1549       1       com.sun.org.apache.xerces.internal.impl.XMLDocumentFragmentScannerImpl::setScannerState (6 bytes)
Event: 1.307 Thread 0x0000000017910800 nmethod 1549 0x00000000031ecf50 code [0x00000000031ed0a0, 0x00000000031ed1b0]
Event: 1.307 Thread 0x0000000017910800 1548       1       com.sun.org.apache.xerces.internal.impl.XMLDocumentScannerImpl::next (10 bytes)
Event: 1.307 Thread 0x0000000017910800 nmethod 1548 0x00000000031ed210 code [0x00000000031ed360, 0x00000000031ed4a8]
Event: 1.308 Thread 0x0000000017910800 1550       1       org.springframework.asm.MethodVisitor::visitVarInsn (17 bytes)
Event: 1.308 Thread 0x0000000017910800 nmethod 1550 0x00000000031ed510 code [0x00000000031ed660, 0x00000000031ed7a8]
Event: 1.308 Thread 0x0000000017910800 1551       1       org.springframework.asm.ClassReader::readCode (3619 bytes)

GC Heap History (7 events):
Event: 0.847 GC heap before
{Heap before GC invocations=1 (full 0):
 PSYoungGen      total 37888K, used 32768K [0x00000000d6800000, 0x00000000d9200000, 0x0000000100000000)
  eden space 32768K, 100% used [0x00000000d6800000,0x00000000d8800000,0x00000000d8800000)
  from space 5120K, 0% used [0x00000000d8d00000,0x00000000d8d00000,0x00000000d9200000)
  to   space 5120K, 0% used [0x00000000d8800000,0x00000000d8800000,0x00000000d8d00000)
 ParOldGen       total 86016K, used 0K [0x0000000083800000, 0x0000000088c00000, 0x00000000d6800000)
  object space 86016K, 0% used [0x0000000083800000,0x0000000083800000,0x0000000088c00000)
 Metaspace       used 12033K, capacity 12336K, committed 12416K, reserved 1060864K
  class space    used 1541K, capacity 1652K, committed 1664K, reserved 1048576K
Event: 0.854 GC heap after
Heap after GC invocations=1 (full 0):
 PSYoungGen      total 37888K, used 5117K [0x00000000d6800000, 0x00000000d9200000, 0x0000000100000000)
  eden space 32768K, 0% used [0x00000000d6800000,0x00000000d6800000,0x00000000d8800000)
  from space 5120K, 99% used [0x00000000d8800000,0x00000000d8cff580,0x00000000d8d00000)
  to   space 5120K, 0% used [0x00000000d8d00000,0x00000000d8d00000,0x00000000d9200000)
 ParOldGen       total 86016K, used 375K [0x0000000083800000, 0x0000000088c00000, 0x00000000d6800000)
  object space 86016K, 0% used [0x0000000083800000,0x000000008385dde8,0x0000000088c00000)
 Metaspace       used 12033K, capacity 12336K, committed 12416K, reserved 1060864K
  class space    used 1541K, capacity 1652K, committed 1664K, reserved 1048576K
}
Event: 1.030 GC heap before
{Heap before GC invocations=2 (full 0):
 PSYoungGen      total 37888K, used 37885K [0x00000000d6800000, 0x00000000d9200000, 0x0000000100000000)
  eden space 32768K, 100% used [0x00000000d6800000,0x00000000d8800000,0x00000000d8800000)
  from space 5120K, 99% used [0x00000000d8800000,0x00000000d8cff580,0x00000000d8d00000)
  to   space 5120K, 0% used [0x00000000d8d00000,0x00000000d8d00000,0x00000000d9200000)
 ParOldGen       total 86016K, used 375K [0x0000000083800000, 0x0000000088c00000, 0x00000000d6800000)
  object space 86016K, 0% used [0x0000000083800000,0x000000008385dde8,0x0000000088c00000)
 Metaspace       used 15091K, capacity 15588K, committed 15872K, reserved 1062912K
  class space    used 2073K, capacity 2189K, committed 2304K, reserved 1048576K
Event: 1.038 GC heap after
Heap after GC invocations=2 (full 0):
 PSYoungGen      total 37888K, used 5111K [0x00000000d6800000, 0x00000000db200000, 0x0000000100000000)
  eden space 32768K, 0% used [0x00000000d6800000,0x00000000d6800000,0x00000000d8800000)
  from space 5120K, 99% used [0x00000000d8d00000,0x00000000d91fdfb0,0x00000000d9200000)
  to   space 5120K, 0% used [0x00000000d8800000,0x00000000d8800000,0x00000000d8d00000)
 ParOldGen       total 86016K, used 1479K [0x0000000083800000, 0x0000000088c00000, 0x00000000d6800000)
  object space 86016K, 1% used [0x0000000083800000,0x0000000083971d60,0x0000000088c00000)
 Metaspace       used 15091K, capacity 15588K, committed 15872K, reserved 1062912K
  class space    used 2073K, capacity 2189K, committed 2304K, reserved 1048576K
}
Event: 1.225 GC heap before
{Heap before GC invocations=3 (full 0):
 PSYoungGen      total 37888K, used 37879K [0x00000000d6800000, 0x00000000db200000, 0x0000000100000000)
  eden space 32768K, 100% used [0x00000000d6800000,0x00000000d8800000,0x00000000d8800000)
  from space 5120K, 99% used [0x00000000d8d00000,0x00000000d91fdfb0,0x00000000d9200000)
  to   space 5120K, 0% used [0x00000000d8800000,0x00000000d8800000,0x00000000d8d00000)
 ParOldGen       total 86016K, used 1479K [0x0000000083800000, 0x0000000088c00000, 0x00000000d6800000)
  object space 86016K, 1% used [0x0000000083800000,0x0000000083971d60,0x0000000088c00000)
 Metaspace       used 19107K, capacity 19692K, committed 19968K, reserved 1067008K
  class space    used 2586K, capacity 2765K, committed 2816K, reserved 1048576K
Event: 1.234 GC heap after
Heap after GC invocations=3 (full 0):
 PSYoungGen      total 37888K, used 5119K [0x00000000d6800000, 0x00000000db200000, 0x0000000100000000)
  eden space 32768K, 0% used [0x00000000d6800000,0x00000000d6800000,0x00000000d8800000)
  from space 5120K, 99% used [0x00000000d8800000,0x00000000d8cffc38,0x00000000d8d00000)
  to   space 5120K, 0% used [0x00000000dad00000,0x00000000dad00000,0x00000000db200000)
 ParOldGen       total 86016K, used 4736K [0x0000000083800000, 0x0000000088c00000, 0x00000000d6800000)
  object space 86016K, 5% used [0x0000000083800000,0x0000000083ca02c8,0x0000000088c00000)
 Metaspace       used 19107K, capacity 19692K, committed 19968K, reserved 1067008K
  class space    used 2586K, capacity 2765K, committed 2816K, reserved 1048576K
}
Event: 1.311 GC heap before
{Heap before GC invocations=4 (full 0):
 PSYoungGen      total 37888K, used 18582K [0x00000000d6800000, 0x00000000db200000, 0x0000000100000000)
  eden space 32768K, 41% used [0x00000000d6800000,0x00000000d7525db0,0x00000000d8800000)
  from space 5120K, 99% used [0x00000000d8800000,0x00000000d8cffc38,0x00000000d8d00000)
  to   space 5120K, 0% used [0x00000000dad00000,0x00000000dad00000,0x00000000db200000)
 ParOldGen       total 86016K, used 4736K [0x0000000083800000, 0x0000000088c00000, 0x00000000d6800000)
  object space 86016K, 5% used [0x0000000083800000,0x0000000083ca02c8,0x0000000088c00000)
 Metaspace       used 20685K, capacity 21243K, committed 21296K, reserved 1067008K
  class space    used 2792K, capacity 2944K, committed 2944K, reserved 1048576K

Deoptimization events (0 events):
No events

Classes redefined (0 events):
No events

Internal exceptions (10 events):
Event: 1.081 Thread 0x0000000019de3800 Exception <a 'java/lang/ArrayIndexOutOfBoundsException'> (0x00000000d7101128) thrown at [C:\re\workspace\8-2-build-windows-amd64-cygwin\jdk8u191\11896\hotspot\src\share\vm\runtime\sharedRuntime.cpp, line 605]
Event: 1.116 Thread 0x0000000002d95000 Exception <a 'java/lang/ClassNotFoundException': java/lang/ObjectCustomizer> (0x00000000d75f1d88) thrown at [C:\re\workspace\8-2-build-windows-amd64-cygwin\jdk8u191\11896\hotspot\src\share\vm\classfile\systemDictionary.cpp, line 210]
Event: 1.117 Thread 0x0000000002d95000 Exception <a 'java/lang/ArrayIndexOutOfBoundsException'> (0x00000000d75f5940) thrown at [C:\re\workspace\8-2-build-windows-amd64-cygwin\jdk8u191\11896\hotspot\src\share\vm\runtime\sharedRuntime.cpp, line 605]
Event: 1.119 Thread 0x0000000002d95000 Exception <a 'java/lang/ClassNotFoundException': org/springframework/context/annotation/ConfigurationClassPostProcessorCustomizer> (0x00000000d760baa8) thrown at [C:\re\workspace\8-2-build-windows-amd64-cygwin\jdk8u191\11896\hotspot\src\share\vm\classfile
Event: 1.124 Thread 0x0000000002d95000 Exception <a 'java/lang/ClassNotFoundException': org/springframework/beans/factory/support/BeanDefinitionRegistryPostProcessorCustomizer> (0x00000000d7739a80) thrown at [C:\re\workspace\8-2-build-windows-amd64-cygwin\jdk8u191\11896\hotspot\src\share\vm\cl
Event: 1.124 Thread 0x0000000002d95000 Exception <a 'java/lang/ClassNotFoundException': org/springframework/core/PriorityOrderedCustomizer> (0x00000000d7749450) thrown at [C:\re\workspace\8-2-build-windows-amd64-cygwin\jdk8u191\11896\hotspot\src\share\vm\classfile\systemDictionary.cpp, line 21
Event: 1.125 Thread 0x0000000002d95000 Exception <a 'java/lang/ClassNotFoundException': org/springframework/context/ResourceLoaderAwareCustomizer> (0x00000000d7759470) thrown at [C:\re\workspace\8-2-build-windows-amd64-cygwin\jdk8u191\11896\hotspot\src\share\vm\classfile\systemDictionary.cpp, 
Event: 1.125 Thread 0x0000000002d95000 Exception <a 'java/lang/ClassNotFoundException': org/springframework/beans/factory/BeanClassLoaderAwareCustomizer> (0x00000000d776bd10) thrown at [C:\re\workspace\8-2-build-windows-amd64-cygwin\jdk8u191\11896\hotspot\src\share\vm\classfile\systemDictionar
Event: 1.126 Thread 0x0000000002d95000 Exception <a 'java/lang/ClassNotFoundException': org/springframework/context/EnvironmentAwareCustomizer> (0x00000000d777c738) thrown at [C:\re\workspace\8-2-build-windows-amd64-cygwin\jdk8u191\11896\hotspot\src\share\vm\classfile\systemDictionary.cpp, lin
Event: 1.223 Thread 0x0000000019de3800 Exception <a 'java/lang/IncompatibleClassChangeError': Found class java.lang.Object, but interface was expected> (0x00000000d86d0cc8) thrown at [C:\re\workspace\8-2-build-windows-amd64-cygwin\jdk8u191\11896\hotspot\src\share\vm\interpreter\linkResolver.cp

Events (10 events):
Event: 1.306 loading class org/springframework/boot/context/properties/ConfigurationPropertiesBindingPostProcessorRegistrar done
Event: 1.306 loading class java/util/function/UnaryOperator
Event: 1.306 loading class java/util/function/UnaryOperator done
Event: 1.307 loading class org/springframework/asm/Handle
Event: 1.307 loading class org/springframework/asm/Handle done
Event: 1.310 loading class org/springframework/boot/autoconfigure/web/servlet/ServletWebServerFactoryAutoConfiguration$BeanPostProcessorsRegistrar
Event: 1.310 loading class org/springframework/boot/autoconfigure/web/servlet/ServletWebServerFactoryAutoConfiguration$BeanPostProcessorsRegistrar done
Event: 1.310 loading class org/apache/coyote/UpgradeProtocol
Event: 1.310 loading class org/apache/coyote/UpgradeProtocol done
Event: 1.311 Executing VM operation: CollectForMetadataAllocation


Dynamic libraries:
0x00007ff6881e0000 - 0x00007ff688217000 	C:\Program Files\Java\jre1.8.0_191\bin\javaw.exe
0x00007ff90f370000 - 0x00007ff90f551000 	C:\Windows\SYSTEM32\ntdll.dll
0x00007ff8f1d50000 - 0x00007ff8f1d64000 	C:\Program Files\AVAST Software\Avast\x64\aswhooka.dll
0x00007ff90ead0000 - 0x00007ff90eb82000 	C:\Windows\System32\KERNEL32.DLL
0x00007ff90c020000 - 0x00007ff90c293000 	C:\Windows\System32\KERNELBASE.dll
0x00007ff90f150000 - 0x00007ff90f1f1000 	C:\Windows\System32\ADVAPI32.dll
0x00007ff90e670000 - 0x00007ff90e70e000 	C:\Windows\System32\msvcrt.dll
0x00007ff90f280000 - 0x00007ff90f2db000 	C:\Windows\System32\sechost.dll
0x00007ff90c890000 - 0x00007ff90c9b4000 	C:\Windows\System32\RPCRT4.dll
0x00007ff90e890000 - 0x00007ff90ea20000 	C:\Windows\System32\USER32.dll
0x00007ff90bf00000 - 0x00007ff90bf20000 	C:\Windows\System32\win32u.dll
0x00007ff90ef10000 - 0x00007ff90ef38000 	C:\Windows\System32\GDI32.dll
0x00007ff90c660000 - 0x00007ff90c7f2000 	C:\Windows\System32\gdi32full.dll
0x00007ff90c490000 - 0x00007ff90c52f000 	C:\Windows\System32\msvcp_win.dll
0x00007ff90bf20000 - 0x00007ff90c01a000 	C:\Windows\System32\ucrtbase.dll
0x00007ff8f7c80000 - 0x00007ff8f7ee9000 	C:\Windows\WinSxS\amd64_microsoft.windows.common-controls_6595b64144ccf1df_6.0.17134.345_none_fb429a5930656358\COMCTL32.dll
0x00007ff90c9c0000 - 0x00007ff90cce3000 	C:\Windows\System32\combase.dll
0x00007ff90c5e0000 - 0x00007ff90c65a000 	C:\Windows\System32\bcryptPrimitives.dll
0x00007ff90f020000 - 0x00007ff90f04d000 	C:\Windows\System32\IMM32.DLL
0x0000000073eb0000 - 0x0000000073f82000 	C:\Program Files\Java\jre1.8.0_191\bin\msvcr100.dll
0x0000000072ed0000 - 0x0000000073774000 	C:\Program Files\Java\jre1.8.0_191\bin\server\jvm.dll
0x00007ff90eb90000 - 0x00007ff90eb98000 	C:\Windows\System32\PSAPI.DLL
0x00007ff900840000 - 0x00007ff900849000 	C:\Windows\SYSTEM32\WSOCK32.dll
0x00007ff90eea0000 - 0x00007ff90ef0c000 	C:\Windows\System32\WS2_32.dll
0x00007ff9077f0000 - 0x00007ff907813000 	C:\Windows\SYSTEM32\WINMM.dll
0x00007ff8ff1d0000 - 0x00007ff8ff1da000 	C:\Windows\SYSTEM32\VERSION.dll
0x00007ff9077c0000 - 0x00007ff9077ea000 	C:\Windows\SYSTEM32\WINMMBASE.dll
0x00007ff90b740000 - 0x00007ff90b789000 	C:\Windows\System32\cfgmgr32.dll
0x0000000073ea0000 - 0x0000000073eaf000 	C:\Program Files\Java\jre1.8.0_191\bin\verify.dll
0x0000000073e70000 - 0x0000000073e99000 	C:\Program Files\Java\jre1.8.0_191\bin\java.dll
0x0000000073e50000 - 0x0000000073e66000 	C:\Program Files\Java\jre1.8.0_191\bin\zip.dll
0x00007ff90d230000 - 0x00007ff90e66f000 	C:\Windows\System32\SHELL32.dll
0x00007ff90ea20000 - 0x00007ff90eac9000 	C:\Windows\System32\shcore.dll
0x00007ff90b7f0000 - 0x00007ff90befd000 	C:\Windows\System32\windows.storage.dll
0x00007ff90f2e0000 - 0x00007ff90f331000 	C:\Windows\System32\shlwapi.dll
0x00007ff90b700000 - 0x00007ff90b711000 	C:\Windows\System32\kernel.appcore.dll
0x00007ff90b720000 - 0x00007ff90b73f000 	C:\Windows\System32\profapi.dll
0x00007ff90b690000 - 0x00007ff90b6dc000 	C:\Windows\System32\powrprof.dll
0x00007ff90b680000 - 0x00007ff90b68a000 	C:\Windows\System32\FLTLIB.DLL
0x0000000073dc0000 - 0x0000000073dcd000 	C:\Program Files\Java\jre1.8.0_191\bin\management.dll
0x0000000073e30000 - 0x0000000073e4a000 	C:\Program Files\Java\jre1.8.0_191\bin\net.dll
0x00007ff90af00000 - 0x00007ff90af66000 	C:\Windows\system32\mswsock.dll
0x0000000073e10000 - 0x0000000073e21000 	C:\Program Files\Java\jre1.8.0_191\bin\nio.dll
0x00007ff8ecf70000 - 0x00007ff8ecf86000 	C:\Windows\system32\napinsp.dll
0x00007ff8ecec0000 - 0x00007ff8eceda000 	C:\Windows\system32\pnrpnsp.dll
0x00007ff905c90000 - 0x00007ff905ca9000 	C:\Windows\system32\NLAapi.dll
0x00007ff90acc0000 - 0x00007ff90ad7e000 	C:\Windows\SYSTEM32\DNSAPI.dll
0x00007ff90f010000 - 0x00007ff90f018000 	C:\Windows\System32\NSI.dll
0x00007ff90ac80000 - 0x00007ff90acb8000 	C:\Windows\SYSTEM32\IPHLPAPI.DLL
0x00007ff8ef080000 - 0x00007ff8ef08e000 	C:\Windows\System32\winrnr.dll
0x00007ff905020000 - 0x00007ff905035000 	C:\Windows\System32\wshbth.dll
0x00007ff9004e0000 - 0x00007ff9004ea000 	C:\Windows\System32\rasadhlp.dll
0x00007ff9005e0000 - 0x00007ff900652000 	C:\Windows\System32\fwpuclnt.dll
0x00007ff90b1e0000 - 0x00007ff90b205000 	C:\Windows\SYSTEM32\bcrypt.dll
0x00007ff90b0c0000 - 0x00007ff90b0d7000 	C:\Windows\SYSTEM32\CRYPTSP.dll
0x00007ff90aae0000 - 0x00007ff90ab13000 	C:\Windows\system32\rsaenh.dll
0x00007ff90b580000 - 0x00007ff90b5a8000 	C:\Windows\SYSTEM32\USERENV.dll
0x00007ff90b0b0000 - 0x00007ff90b0bb000 	C:\Windows\SYSTEM32\CRYPTBASE.dll
0x00007ff900bb0000 - 0x00007ff900bc6000 	C:\Windows\SYSTEM32\dhcpcsvc6.DLL
0x00007ff900c60000 - 0x00007ff900c7a000 	C:\Windows\SYSTEM32\dhcpcsvc.DLL

VM Arguments:
jvm_args: -Dcom.sun.management.jmxremote -Dcom.sun.management.jmxremote.port=60807 -Dcom.sun.management.jmxremote.authenticate=false -Dcom.sun.management.jmxremote.ssl=false -Djava.rmi.server.hostname=localhost -Dspring.liveBeansView.mbeanDomain -Dspring.application.admin.enabled=true -Xverify:none -XX:TieredStopAtLevel=1 -Dfile.encoding=UTF-8 
java_command: com.lattice.assign.DemoApplication
java_class_path (initial): C:\Users\Kukreti\eclipse-workspace\latticeassign\target\classes;C:\Users\Kukreti\.m2\repository\org\springframework\boot\spring-boot-starter-data-jpa\2.0.6.RELEASE\spring-boot-starter-data-jpa-2.0.6.RELEASE.jar;C:\Users\Kukreti\.m2\repository\org\springframework\boot\spring-boot-starter\2.0.6.RELEASE\spring-boot-starter-2.0.6.RELEASE.jar;C:\Users\Kukreti\.m2\repository\org\springframework\boot\spring-boot\2.0.6.RELEASE\spring-boot-2.0.6.RELEASE.jar;C:\Users\Kukreti\.m2\repository\org\springframework\boot\spring-boot-autoconfigure\2.0.6.RELEASE\spring-boot-autoconfigure-2.0.6.RELEASE.jar;C:\Users\Kukreti\.m2\repository\org\springframework\boot\spring-boot-starter-logging\2.0.6.RELEASE\spring-boot-starter-logging-2.0.6.RELEASE.jar;C:\Users\Kukreti\.m2\repository\ch\qos\logback\logback-classic\1.2.3\logback-classic-1.2.3.jar;C:\Users\Kukreti\.m2\repository\ch\qos\logback\logback-core\1.2.3\logback-core-1.2.3.jar;C:\Users\Kukreti\.m2\repository\org\apache\logging\log4j\log4j-to-slf4j\2.10.0\log4j-to-slf4j-2.10.0.jar;C:\Users\Kukreti\.m2\repository\org\apache\logging\log4j\log4j-api\2.10.0\log4j-api-2.10.0.jar;C:\Users\Kukreti\.m2\repository\org\slf4j\jul-to-slf4j\1.7.25\jul-to-slf4j-1.7.25.jar;C:\Users\Kukreti\.m2\repository\javax\annotation\javax.annotation-api\1.3.2\javax.annotation-api-1.3.2.jar;C:\Users\Kukreti\.m2\repository\org\yaml\snakeyaml\1.19\snakeyaml-1.19.jar;C:\Users\Kukreti\.m2\repository\org\springframework\boot\spring-boot-starter-aop\2.0.6.RELEASE\spring-boot-starter-aop-2.0.6.RELEASE.jar;C:\Users\Kukreti\.m2\repository\org\springframework\spring-aop\5.0.10.RELEASE\spring-aop-5.0.10.RELEASE.jar;C:\Users\Kukreti\.m2\repository\org\aspectj\aspectjweaver\1.8.13\aspectjweaver-1.8.13.jar;C:\Users\Kukreti\.m2\repository\org\springframework\boot\spring-boot-starter-jdbc\2.0.6.RELEASE\spring-boot-starter-jdbc-2.0.6.RELEASE.jar;C:\Users\Kukreti\.m2\repository\com\zaxxer\HikariCP\2.7.9\HikariCP-2.7.9.jar;C:\Users\Kukreti\.m2\reposito
Launcher Type: SUN_STANDARD

Environment Variables:
PATH=C:/Program Files/Java/jre1.8.0_191/bin/server;C:/Program Files/Java/jre1.8.0_191/bin;C:/Program Files/Java/jre1.8.0_191/lib/amd64;C:\Program Files (x86)\Common Files\Oracle\Java\javapath;C:\Windows\system32;C:\Windows;C:\Windows\System32\Wbem;C:\Windows\System32\WindowsPowerShell\v1.0\;C:\Windows\System32\OpenSSH\;C:\Program Files\Git\cmd;C:\Program Files\nodejs\;C:\Users\Kukreti\AppData\Local\Microsoft\WindowsApps;;C:\Users\Kukreti\AppData\Local\Programs\Microsoft VS Code\bin;C:\Users\Kukreti\AppData\Roaming\npm;C:\Users\Kukreti\Desktop;
USERNAME=Kukreti
OS=Windows_NT
PROCESSOR_IDENTIFIER=Intel64 Family 6 Model 142 Stepping 9, GenuineIntel



---------------  S Y S T E M  ---------------

OS: Windows 10.0 , 64 bit Build 17134 (10.0.17134.1)

CPU:total 4 (initial active 4) (2 cores per cpu, 2 threads per core) family 6 model 142 stepping 9, cmov, cx8, fxsr, mmx, sse, sse2, sse3, ssse3, sse4.1, sse4.2, popcnt, avx, avx2, aes, clmul, erms, 3dnowpref, lzcnt, ht, tsc, tscinvbit, bmi1, bmi2, adx

Memory: 4k page, physical 8156116k(688088k free), swap 8156116k(4608k free)

vm_info: Java HotSpot(TM) 64-Bit Server VM (25.191-b12) for windows-amd64 JRE (1.8.0_191-b12), built on Oct  6 2018 09:29:03 by "java_re" with MS VC++ 10.0 (VS2010)

time: Thu Nov 01 16:51:03 2018
elapsed time: 2 seconds (0d 0h 0m 2s)

