#
# There is insufficient memory for the Java Runtime Environment to continue.
# Native memory allocation (malloc) failed to allocate 1048576 bytes for AllocateHeap
# Possible reasons:
#   The system is out of physical RAM or swap space
#   In 32 bit mode, the process size limit was hit
# Possible solutions:
#   Reduce memory load on the system
#   Increase physical memory or swap space
#   Check if swap backing store is full
#   Use 64 bit Java on a 64 bit OS
#   Decrease Java heap size (-Xmx/-Xms)
#   Decrease number of Java threads
#   Decrease Java thread stack sizes (-Xss)
#   Set larger code cache with -XX:ReservedCodeCacheSize=
# This output file may be truncated or incomplete.
#
#  Out of Memory Error (memory/allocation.inline.hpp:61), pid=9476, tid=0x00000000000006a8
#
# JRE version:  (8.0_191-b12) (build )
# Java VM: Java HotSpot(TM) 64-Bit Server VM (25.191-b12 mixed mode windows-amd64 compressed oops)
# Failed to write core dump. Minidumps are not enabled by default on client versions of Windows
#

---------------  T H R E A D  ---------------

Current thread (0x0000000002385000):  JavaThread "Unknown thread" [_thread_in_vm, id=1704, stack(0x0000000002280000,0x0000000002380000)]

Stack: [0x0000000002280000,0x0000000002380000]
[error occurred during error reporting (printing stack bounds), id 0xc0000005]

Native frames: (J=compiled Java code, j=interpreted, Vv=VM code, C=native code)


---------------  P R O C E S S  ---------------

Java Threads: ( => current thread )

Other Threads:

=>0x0000000002385000 (exited) JavaThread "Unknown thread" [_thread_in_vm, id=1704, stack(0x0000000002280000,0x0000000002380000)]

VM state:not at safepoint (normal execution)

VM Mutex/Monitor currently owned by a thread: None

Heap:
 PSYoungGen      total 37888K, used 655K [0x00000000d6800000, 0x00000000d9200000, 0x0000000100000000)
  eden space 32768K, 2% used [0x00000000d6800000,0x00000000d68a3d80,0x00000000d8800000)
  from space 5120K, 0% used [0x00000000d8d00000,0x00000000d8d00000,0x00000000d9200000)
  to   space 5120K, 0% used [0x00000000d8800000,0x00000000d8800000,0x00000000d8d00000)
 ParOldGen       total 86016K, used 0K [0x0000000083800000, 0x0000000088c00000, 0x00000000d6800000)
  object space 86016K, 0% used [0x0000000083800000,0x0000000083800000,0x0000000088c00000)
 Metaspace       used 751K, capacity 4480K, committed 4480K, reserved 1056768K
  class space    used 76K, capacity 384K, committed 384K, reserved 1048576K

Card table byte_map: [0x0000000011840000,0x0000000011c30000] byte_map_base: 0x0000000011424000

Marking Bits: (ParMarkBitMap*) 0x00000000736f3e30
 Begin Bits: [0x00000000122d0000, 0x00000000141f0000)
 End Bits:   [0x00000000141f0000, 0x0000000016110000)

Polling page: 0x0000000002160000

CodeCache: size=245760Kb used=328Kb max_used=328Kb free=245431Kb
 bounds [0x0000000002480000, 0x00000000026f0000, 0x0000000011480000]
 total_blobs=58 nmethods=0 adapters=38
 compilation: enabled

Compilation events (0 events):
No events

GC Heap History (0 events):
No events

Deoptimization events (0 events):
No events

Classes redefined (0 events):
No events

Internal exceptions (0 events):
No events

Events (10 events):
Event: 0.048 loading class java/lang/Short
Event: 0.048 loading class java/lang/Short done
Event: 0.048 loading class java/lang/Integer
Event: 0.048 loading class java/lang/Integer done
Event: 0.048 loading class java/lang/Long
Event: 0.048 loading class java/lang/Long done
Event: 0.049 loading class java/lang/NullPointerException
Event: 0.049 loading class java/lang/NullPointerException done
Event: 0.049 loading class java/lang/ArithmeticException
Event: 0.049 loading class java/lang/ArithmeticException done


Dynamic libraries:
0x00007ff6881e0000 - 0x00007ff688217000 	C:\Program Files\Java\jre1.8.0_191\bin\javaw.exe
0x00007ff90f370000 - 0x00007ff90f551000 	C:\Windows\SYSTEM32\ntdll.dll
0x00007ff8f1d50000 - 0x00007ff8f1d64000 	C:\Program Files\AVAST Software\Avast\x64\aswhooka.dll
0x00007ff90ead0000 - 0x00007ff90eb82000 	C:\Windows\System32\KERNEL32.DLL
0x00007ff90c020000 - 0x00007ff90c293000 	C:\Windows\System32\KERNELBASE.dll
0x00007ff90f150000 - 0x00007ff90f1f1000 	C:\Windows\System32\ADVAPI32.dll
0x00007ff90e670000 - 0x00007ff90e70e000 	C:\Windows\System32\msvcrt.dll
0x00007ff90f280000 - 0x00007ff90f2db000 	C:\Windows\System32\sechost.dll
0x00007ff90c890000 - 0x00007ff90c9b4000 	C:\Windows\System32\RPCRT4.dll
0x00007ff90e890000 - 0x00007ff90ea20000 	C:\Windows\System32\USER32.dll
0x00007ff90bf00000 - 0x00007ff90bf20000 	C:\Windows\System32\win32u.dll
0x00007ff90ef10000 - 0x00007ff90ef38000 	C:\Windows\System32\GDI32.dll
0x00007ff90c660000 - 0x00007ff90c7f2000 	C:\Windows\System32\gdi32full.dll
0x00007ff90c490000 - 0x00007ff90c52f000 	C:\Windows\System32\msvcp_win.dll
0x00007ff90bf20000 - 0x00007ff90c01a000 	C:\Windows\System32\ucrtbase.dll
0x00007ff8f7c80000 - 0x00007ff8f7ee9000 	C:\Windows\WinSxS\amd64_microsoft.windows.common-controls_6595b64144ccf1df_6.0.17134.345_none_fb429a5930656358\COMCTL32.dll
0x00007ff90c9c0000 - 0x00007ff90cce3000 	C:\Windows\System32\combase.dll
0x00007ff90c5e0000 - 0x00007ff90c65a000 	C:\Windows\System32\bcryptPrimitives.dll
0x00007ff90f020000 - 0x00007ff90f04d000 	C:\Windows\System32\IMM32.DLL
0x0000000073eb0000 - 0x0000000073f82000 	C:\Program Files\Java\jre1.8.0_191\bin\msvcr100.dll
0x0000000072ed0000 - 0x0000000073774000 	C:\Program Files\Java\jre1.8.0_191\bin\server\jvm.dll
0x00007ff90eb90000 - 0x00007ff90eb98000 	C:\Windows\System32\PSAPI.DLL
0x00007ff900840000 - 0x00007ff900849000 	C:\Windows\SYSTEM32\WSOCK32.dll
0x00007ff90eea0000 - 0x00007ff90ef0c000 	C:\Windows\System32\WS2_32.dll
0x00007ff9077f0000 - 0x00007ff907813000 	C:\Windows\SYSTEM32\WINMM.dll
0x00007ff8ff1d0000 - 0x00007ff8ff1da000 	C:\Windows\SYSTEM32\VERSION.dll
0x00007ff9077c0000 - 0x00007ff9077ea000 	C:\Windows\SYSTEM32\WINMMBASE.dll
0x00007ff90b740000 - 0x00007ff90b789000 	C:\Windows\System32\cfgmgr32.dll
0x0000000073ea0000 - 0x0000000073eaf000 	C:\Program Files\Java\jre1.8.0_191\bin\verify.dll
0x0000000073e70000 - 0x0000000073e99000 	C:\Program Files\Java\jre1.8.0_191\bin\java.dll
0x0000000073e50000 - 0x0000000073e66000 	C:\Program Files\Java\jre1.8.0_191\bin\zip.dll

VM Arguments:
jvm_args: -Dcom.sun.management.jmxremote -Dcom.sun.management.jmxremote.port=58178 -Dcom.sun.management.jmxremote.authenticate=false -Dcom.sun.management.jmxremote.ssl=false -Djava.rmi.server.hostname=localhost -Dspring.liveBeansView.mbeanDomain -Dspring.application.admin.enabled=true -Xverify:none -XX:TieredStopAtLevel=1 -Dfile.encoding=UTF-8 
java_command: com.lattice.assign.DemoApplication
java_class_path (initial): C:\Users\Kukreti\eclipse-workspace\latticeassign\target\classes;C:\Users\Kukreti\.m2\repository\org\springframework\boot\spring-boot-starter-data-jpa\2.0.6.RELEASE\spring-boot-starter-data-jpa-2.0.6.RELEASE.jar;C:\Users\Kukreti\.m2\repository\org\springframework\boot\spring-boot-starter\2.0.6.RELEASE\spring-boot-starter-2.0.6.RELEASE.jar;C:\Users\Kukreti\.m2\repository\org\springframework\boot\spring-boot\2.0.6.RELEASE\spring-boot-2.0.6.RELEASE.jar;C:\Users\Kukreti\.m2\repository\org\springframework\boot\spring-boot-autoconfigure\2.0.6.RELEASE\spring-boot-autoconfigure-2.0.6.RELEASE.jar;C:\Users\Kukreti\.m2\repository\org\springframework\boot\spring-boot-starter-logging\2.0.6.RELEASE\spring-boot-starter-logging-2.0.6.RELEASE.jar;C:\Users\Kukreti\.m2\repository\ch\qos\logback\logback-classic\1.2.3\logback-classic-1.2.3.jar;C:\Users\Kukreti\.m2\repository\ch\qos\logback\logback-core\1.2.3\logback-core-1.2.3.jar;C:\Users\Kukreti\.m2\repository\org\apache\logging\log4j\log4j-to-slf4j\2.10.0\log4j-to-slf4j-2.10.0.jar;C:\Users\Kukreti\.m2\repository\org\apache\logging\log4j\log4j-api\2.10.0\log4j-api-2.10.0.jar;C:\Users\Kukreti\.m2\repository\org\slf4j\jul-to-slf4j\1.7.25\jul-to-slf4j-1.7.25.jar;C:\Users\Kukreti\.m2\repository\javax\annotation\javax.annotation-api\1.3.2\javax.annotation-api-1.3.2.jar;C:\Users\Kukreti\.m2\repository\org\yaml\snakeyaml\1.19\snakeyaml-1.19.jar;C:\Users\Kukreti\.m2\repository\org\springframework\boot\spring-boot-starter-aop\2.0.6.RELEASE\spring-boot-starter-aop-2.0.6.RELEASE.jar;C:\Users\Kukreti\.m2\repository\org\springframework\spring-aop\5.0.10.RELEASE\spring-aop-5.0.10.RELEASE.jar;C:\Users\Kukreti\.m2\repository\org\aspectj\aspectjweaver\1.8.13\aspectjweaver-1.8.13.jar;C:\Users\Kukreti\.m2\repository\org\springframework\boot\spring-boot-starter-jdbc\2.0.6.RELEASE\spring-boot-starter-jdbc-2.0.6.RELEASE.jar;C:\Users\Kukreti\.m2\repository\com\zaxxer\HikariCP\2.7.9\HikariCP-2.7.9.jar;C:\Users\Kukreti\.m2\reposito
Launcher Type: SUN_STANDARD

Environment Variables:
PATH=C:/Program Files/Java/jre1.8.0_191/bin/server;C:/Program Files/Java/jre1.8.0_191/bin;C:/Program Files/Java/jre1.8.0_191/lib/amd64;C:\Program Files (x86)\Common Files\Oracle\Java\javapath;C:\Windows\system32;C:\Windows;C:\Windows\System32\Wbem;C:\Windows\System32\WindowsPowerShell\v1.0\;C:\Windows\System32\OpenSSH\;C:\Program Files\Git\cmd;C:\Program Files\nodejs\;C:\Users\Kukreti\AppData\Local\Microsoft\WindowsApps;;C:\Users\Kukreti\AppData\Local\Programs\Microsoft VS Code\bin;C:\Users\Kukreti\AppData\Roaming\npm;C:\Users\Kukreti\Desktop;
USERNAME=Kukreti
OS=Windows_NT
PROCESSOR_IDENTIFIER=Intel64 Family 6 Model 142 Stepping 9, GenuineIntel



---------------  S Y S T E M  ---------------

OS: Windows 10.0 , 64 bit Build 17134 (10.0.17134.1)

CPU:total 4 (initial active 4) (2 cores per cpu, 2 threads per core) family 6 model 142 stepping 9, cmov, cx8, fxsr, mmx, sse, sse2, sse3, ssse3, sse4.1, sse4.2, popcnt, avx, avx2, aes, clmul, erms, 3dnowpref, lzcnt, ht, tsc, tscinvbit, bmi1, bmi2, adx

Memory: 4k page, physical 8156116k(953956k free), swap 8156116k(20824k free)

vm_info: Java HotSpot(TM) 64-Bit Server VM (25.191-b12) for windows-amd64 JRE (1.8.0_191-b12), built on Oct  6 2018 09:29:03 by "java_re" with MS VC++ 10.0 (VS2010)

time: Thu Nov 01 16:59:26 2018
elapsed time: 0 seconds (0d 0h 0m 0s)

