#
# There is insufficient memory for the Java Runtime Environment to continue.
# Native memory allocation (malloc) failed to allocate 32744 bytes for ChunkPool::allocate
# Possible reasons:
#   The system is out of physical RAM or swap space
#   In 32 bit mode, the process size limit was hit
# Possible solutions:
#   Reduce memory load on the system
#   Increase physical memory or swap space
#   Check if swap backing store is full
#   Use 64 bit Java on a 64 bit OS
#   Decrease Java heap size (-Xmx/-Xms)
#   Decrease number of Java threads
#   Decrease Java thread stack sizes (-Xss)
#   Set larger code cache with -XX:ReservedCodeCacheSize=
# This output file may be truncated or incomplete.
#
#  Out of Memory Error (allocation.cpp:273), pid=3724, tid=0x00000000000007e0
#
# JRE version: Java(TM) SE Runtime Environment (8.0_191-b12) (build 1.8.0_191-b12)
# Java VM: Java HotSpot(TM) 64-Bit Server VM (25.191-b12 mixed mode windows-amd64 compressed oops)
# Failed to write core dump. Minidumps are not enabled by default on client versions of Windows
#

---------------  T H R E A D  ---------------

Current thread (0x00000000174f8000):  JavaThread "C1 CompilerThread2" daemon [_thread_in_native, id=2016, stack(0x0000000018d20000,0x0000000018e20000)]

Stack: [0x0000000018d20000,0x0000000018e20000]
[error occurred during error reporting (printing stack bounds), id 0xc0000005]

Native frames: (J=compiled Java code, j=interpreted, Vv=VM code, C=native code)


Current CompileTask:
C1:   1351 1558   !   1       com.sun.org.apache.xerces.internal.impl.XMLDocumentFragmentScannerImpl$FragmentContentDriver::next (2346 bytes)


---------------  P R O C E S S  ---------------

Java Threads: ( => current thread )
  0x0000000019a03800 JavaThread "background-preinit" [_thread_in_vm, id=8060, stack(0x000000001a5a0000,0x000000001a6a0000)]
  0x00000000197d3000 JavaThread "RMI TCP Accept-0" daemon [_thread_in_native, id=11968, stack(0x000000001a060000,0x000000001a160000)]
  0x00000000197ca800 JavaThread "RMI TCP Accept-60826" daemon [_thread_in_native, id=7320, stack(0x0000000019f60000,0x000000001a060000)]
  0x00000000197bb000 JavaThread "RMI TCP Accept-0" daemon [_thread_in_native, id=6240, stack(0x0000000019e60000,0x0000000019f60000)]
  0x0000000018e3b800 JavaThread "Service Thread" daemon [_thread_blocked, id=5528, stack(0x0000000019220000,0x0000000019320000)]
=>0x00000000174f8000 JavaThread "C1 CompilerThread2" daemon [_thread_in_native, id=2016, stack(0x0000000018d20000,0x0000000018e20000)]
  0x00000000174eb000 JavaThread "C2 CompilerThread1" daemon [_thread_blocked, id=10980, stack(0x0000000018c20000,0x0000000018d20000)]
  0x00000000174e2800 JavaThread "C2 CompilerThread0" daemon [_thread_blocked, id=9664, stack(0x0000000018b20000,0x0000000018c20000)]
  0x00000000174e1000 JavaThread "Attach Listener" daemon [_thread_blocked, id=10840, stack(0x0000000018a20000,0x0000000018b20000)]
  0x00000000174df800 JavaThread "Signal Dispatcher" daemon [_thread_blocked, id=12280, stack(0x0000000018920000,0x0000000018a20000)]
  0x0000000002abe800 JavaThread "Finalizer" daemon [_thread_blocked, id=3648, stack(0x0000000018730000,0x0000000018830000)]
  0x00000000174a9000 JavaThread "Reference Handler" daemon [_thread_blocked, id=7176, stack(0x0000000018630000,0x0000000018730000)]
  0x00000000029c5000 JavaThread "main" [_thread_in_vm, id=11628, stack(0x00000000028a0000,0x00000000029a0000)]

Other Threads:
  0x00000000174a7000 VMThread [stack: 0x0000000018530000,0x0000000018630000] [id=8852]
  0x00000000197d4000 WatcherThread [stack: 0x000000001a160000,0x000000001a260000] [id=5684]

VM state:not at safepoint (normal execution)

VM Mutex/Monitor currently owned by a thread: None

Heap:
 PSYoungGen      total 37888K, used 17183K [0x00000000d6800000, 0x00000000db200000, 0x0000000100000000)
  eden space 32768K, 36% used [0x00000000d6800000,0x00000000d73c8178,0x00000000d8800000)
  from space 5120K, 99% used [0x00000000d8800000,0x00000000d8cffc38,0x00000000d8d00000)
  to   space 5120K, 0% used [0x00000000dad00000,0x00000000dad00000,0x00000000db200000)
 ParOldGen       total 86016K, used 4835K [0x0000000083800000, 0x0000000088c00000, 0x00000000d6800000)
  object space 86016K, 5% used [0x0000000083800000,0x0000000083cb8d58,0x0000000088c00000)
 Metaspace       used 20650K, capacity 21232K, committed 21296K, reserved 1067008K
  class space    used 2789K, capacity 2943K, committed 2944K, reserved 1048576K

Card table byte_map: [0x0000000011e80000,0x0000000012270000] byte_map_base: 0x0000000011a64000

Marking Bits: (ParMarkBitMap*) 0x00000000736f3e30
 Begin Bits: [0x0000000012910000, 0x0000000014830000)
 End Bits:   [0x0000000014830000, 0x0000000016750000)

Polling page: 0x0000000002820000

CodeCache: size=245760Kb used=3393Kb max_used=3393Kb free=242366Kb
 bounds [0x0000000002ac0000, 0x0000000002e20000, 0x0000000011ac0000]
 total_blobs=1955 nmethods=1557 adapters=310
 compilation: enabled

Compilation events (10 events):
Event: 1.344 Thread 0x00000000174f8000 nmethod 1554 0x0000000002e0e2d0 code [0x0000000002e0e460, 0x0000000002e0e6f8]
Event: 1.344 Thread 0x00000000174f8000 1549       1       sun.reflect.ReflectionFactory::newConstructorAccessor (132 bytes)
Event: 1.345 Thread 0x00000000174f8000 nmethod 1549 0x0000000002e0e9d0 code [0x0000000002e0ec00, 0x0000000002e0f3f8]
Event: 1.345 Thread 0x00000000174f8000 1555       1       com.sun.org.apache.xerces.internal.impl.XMLDocumentScannerImpl::next (10 bytes)
Event: 1.345 Thread 0x00000000174f8000 nmethod 1555 0x0000000002e0fa90 code [0x0000000002e0fbe0, 0x0000000002e0fd28]
Event: 1.346 Thread 0x00000000174f8000 1556       1       org.apache.commons.logging.LogFactory::getLog (8 bytes)
Event: 1.346 Thread 0x00000000174f8000 nmethod 1556 0x0000000002e0fd90 code [0x0000000002e0ff00, 0x0000000002e10078]
Event: 1.346 Thread 0x00000000174f8000 1557       1       org.apache.commons.logging.LogFactory::getLog (56 bytes)
Event: 1.346 Thread 0x00000000174f8000 nmethod 1557 0x0000000002e10150 code [0x0000000002e102e0, 0x0000000002e10538]
Event: 1.347 Thread 0x00000000174f8000 1558   !   1       com.sun.org.apache.xerces.internal.impl.XMLDocumentFragmentScannerImpl$FragmentContentDriver::next (2346 bytes)

GC Heap History (6 events):
Event: 0.878 GC heap before
{Heap before GC invocations=1 (full 0):
 PSYoungGen      total 37888K, used 32768K [0x00000000d6800000, 0x00000000d9200000, 0x0000000100000000)
  eden space 32768K, 100% used [0x00000000d6800000,0x00000000d8800000,0x00000000d8800000)
  from space 5120K, 0% used [0x00000000d8d00000,0x00000000d8d00000,0x00000000d9200000)
  to   space 5120K, 0% used [0x00000000d8800000,0x00000000d8800000,0x00000000d8d00000)
 ParOldGen       total 86016K, used 0K [0x0000000083800000, 0x0000000088c00000, 0x00000000d6800000)
  object space 86016K, 0% used [0x0000000083800000,0x0000000083800000,0x0000000088c00000)
 Metaspace       used 12147K, capacity 12468K, committed 12672K, reserved 1060864K
  class space    used 1543K, capacity 1654K, committed 1664K, reserved 1048576K
Event: 0.885 GC heap after
Heap after GC invocations=1 (full 0):
 PSYoungGen      total 37888K, used 5107K [0x00000000d6800000, 0x00000000d9200000, 0x0000000100000000)
  eden space 32768K, 0% used [0x00000000d6800000,0x00000000d6800000,0x00000000d8800000)
  from space 5120K, 99% used [0x00000000d8800000,0x00000000d8cfcfb8,0x00000000d8d00000)
  to   space 5120K, 0% used [0x00000000d8d00000,0x00000000d8d00000,0x00000000d9200000)
 ParOldGen       total 86016K, used 483K [0x0000000083800000, 0x0000000088c00000, 0x00000000d6800000)
  object space 86016K, 0% used [0x0000000083800000,0x0000000083878f30,0x0000000088c00000)
 Metaspace       used 12147K, capacity 12468K, committed 12672K, reserved 1060864K
  class space    used 1543K, capacity 1654K, committed 1664K, reserved 1048576K
}
Event: 1.059 GC heap before
{Heap before GC invocations=2 (full 0):
 PSYoungGen      total 37888K, used 37875K [0x00000000d6800000, 0x00000000d9200000, 0x0000000100000000)
  eden space 32768K, 100% used [0x00000000d6800000,0x00000000d8800000,0x00000000d8800000)
  from space 5120K, 99% used [0x00000000d8800000,0x00000000d8cfcfb8,0x00000000d8d00000)
  to   space 5120K, 0% used [0x00000000d8d00000,0x00000000d8d00000,0x00000000d9200000)
 ParOldGen       total 86016K, used 483K [0x0000000083800000, 0x0000000088c00000, 0x00000000d6800000)
  object space 86016K, 0% used [0x0000000083800000,0x0000000083878f30,0x0000000088c00000)
 Metaspace       used 15086K, capacity 15530K, committed 15872K, reserved 1062912K
  class space    used 2075K, capacity 2190K, committed 2304K, reserved 1048576K
Event: 1.067 GC heap after
Heap after GC invocations=2 (full 0):
 PSYoungGen      total 37888K, used 5089K [0x00000000d6800000, 0x00000000db200000, 0x0000000100000000)
  eden space 32768K, 0% used [0x00000000d6800000,0x00000000d6800000,0x00000000d8800000)
  from space 5120K, 99% used [0x00000000d8d00000,0x00000000d91f8558,0x00000000d9200000)
  to   space 5120K, 0% used [0x00000000d8800000,0x00000000d8800000,0x00000000d8d00000)
 ParOldGen       total 86016K, used 1589K [0x0000000083800000, 0x0000000088c00000, 0x00000000d6800000)
  object space 86016K, 1% used [0x0000000083800000,0x000000008398d620,0x0000000088c00000)
 Metaspace       used 15086K, capacity 15530K, committed 15872K, reserved 1062912K
  class space    used 2075K, capacity 2190K, committed 2304K, reserved 1048576K
}
Event: 1.265 GC heap before
{Heap before GC invocations=3 (full 0):
 PSYoungGen      total 37888K, used 37857K [0x00000000d6800000, 0x00000000db200000, 0x0000000100000000)
  eden space 32768K, 100% used [0x00000000d6800000,0x00000000d8800000,0x00000000d8800000)
  from space 5120K, 99% used [0x00000000d8d00000,0x00000000d91f8558,0x00000000d9200000)
  to   space 5120K, 0% used [0x00000000d8800000,0x00000000d8800000,0x00000000d8d00000)
 ParOldGen       total 86016K, used 1589K [0x0000000083800000, 0x0000000088c00000, 0x00000000d6800000)
  object space 86016K, 1% used [0x0000000083800000,0x000000008398d620,0x0000000088c00000)
 Metaspace       used 19090K, capacity 19688K, committed 19968K, reserved 1067008K
  class space    used 2583K, capacity 2763K, committed 2816K, reserved 1048576K
Event: 1.274 GC heap after
Heap after GC invocations=3 (full 0):
 PSYoungGen      total 37888K, used 5119K [0x00000000d6800000, 0x00000000db200000, 0x0000000100000000)
  eden space 32768K, 0% used [0x00000000d6800000,0x00000000d6800000,0x00000000d8800000)
  from space 5120K, 99% used [0x00000000d8800000,0x00000000d8cffc38,0x00000000d8d00000)
  to   space 5120K, 0% used [0x00000000dad00000,0x00000000dad00000,0x00000000db200000)
 ParOldGen       total 86016K, used 4835K [0x0000000083800000, 0x0000000088c00000, 0x00000000d6800000)
  object space 86016K, 5% used [0x0000000083800000,0x0000000083cb8d58,0x0000000088c00000)
 Metaspace       used 19090K, capacity 19688K, committed 19968K, reserved 1067008K
  class space    used 2583K, capacity 2763K, committed 2816K, reserved 1048576K
}

Deoptimization events (0 events):
No events

Classes redefined (0 events):
No events

Internal exceptions (10 events):
Event: 1.115 Thread 0x0000000019a03800 Exception <a 'java/lang/ArrayIndexOutOfBoundsException'> (0x00000000d70dd340) thrown at [C:\re\workspace\8-2-build-windows-amd64-cygwin\jdk8u191\11896\hotspot\src\share\vm\runtime\sharedRuntime.cpp, line 605]
Event: 1.143 Thread 0x00000000029c5000 Exception <a 'java/lang/ClassNotFoundException': java/lang/ObjectCustomizer> (0x00000000d752f650) thrown at [C:\re\workspace\8-2-build-windows-amd64-cygwin\jdk8u191\11896\hotspot\src\share\vm\classfile\systemDictionary.cpp, line 210]
Event: 1.144 Thread 0x00000000029c5000 Exception <a 'java/lang/ArrayIndexOutOfBoundsException'> (0x00000000d7533208) thrown at [C:\re\workspace\8-2-build-windows-amd64-cygwin\jdk8u191\11896\hotspot\src\share\vm\runtime\sharedRuntime.cpp, line 605]
Event: 1.146 Thread 0x00000000029c5000 Exception <a 'java/lang/ClassNotFoundException': org/springframework/context/annotation/ConfigurationClassPostProcessorCustomizer> (0x00000000d7611ff8) thrown at [C:\re\workspace\8-2-build-windows-amd64-cygwin\jdk8u191\11896\hotspot\src\share\vm\classfile
Event: 1.153 Thread 0x00000000029c5000 Exception <a 'java/lang/ClassNotFoundException': org/springframework/beans/factory/support/BeanDefinitionRegistryPostProcessorCustomizer> (0x00000000d76da668) thrown at [C:\re\workspace\8-2-build-windows-amd64-cygwin\jdk8u191\11896\hotspot\src\share\vm\cl
Event: 1.154 Thread 0x00000000029c5000 Exception <a 'java/lang/ClassNotFoundException': org/springframework/core/PriorityOrderedCustomizer> (0x00000000d76ea038) thrown at [C:\re\workspace\8-2-build-windows-amd64-cygwin\jdk8u191\11896\hotspot\src\share\vm\classfile\systemDictionary.cpp, line 21
Event: 1.154 Thread 0x00000000029c5000 Exception <a 'java/lang/ClassNotFoundException': org/springframework/context/ResourceLoaderAwareCustomizer> (0x00000000d76fa058) thrown at [C:\re\workspace\8-2-build-windows-amd64-cygwin\jdk8u191\11896\hotspot\src\share\vm\classfile\systemDictionary.cpp, 
Event: 1.155 Thread 0x00000000029c5000 Exception <a 'java/lang/ClassNotFoundException': org/springframework/beans/factory/BeanClassLoaderAwareCustomizer> (0x00000000d770c8f8) thrown at [C:\re\workspace\8-2-build-windows-amd64-cygwin\jdk8u191\11896\hotspot\src\share\vm\classfile\systemDictionar
Event: 1.155 Thread 0x00000000029c5000 Exception <a 'java/lang/ClassNotFoundException': org/springframework/context/EnvironmentAwareCustomizer> (0x00000000d771d320) thrown at [C:\re\workspace\8-2-build-windows-amd64-cygwin\jdk8u191\11896\hotspot\src\share\vm\classfile\systemDictionary.cpp, lin
Event: 1.263 Thread 0x0000000019a03800 Exception <a 'java/lang/IncompatibleClassChangeError': Found class java.lang.Object, but interface was expected> (0x00000000d87a3538) thrown at [C:\re\workspace\8-2-build-windows-amd64-cygwin\jdk8u191\11896\hotspot\src\share\vm\interpreter\linkResolver.cp

Events (10 events):
Event: 1.347 loading class java/util/function/UnaryOperator
Event: 1.347 loading class java/util/function/UnaryOperator done
Event: 1.348 loading class org/eclipse/jetty/websocket/jsr356/server/deploy/WebSocketServerContainerInitializer
Event: 1.348 loading class org/eclipse/jetty/websocket/jsr356/server/deploy/WebSocketServerContainerInitializer done
Event: 1.348 loading class org/apache/catalina/startup/Tomcat
Event: 1.348 loading class org/apache/catalina/startup/Tomcat done
Event: 1.349 loading class org/apache/tomcat/websocket/server/WsSci
Event: 1.349 loading class org/apache/tomcat/websocket/server/WsSci done
Event: 1.350 loading class javax/servlet/ServletContainerInitializer
Event: 1.350 loading class javax/servlet/ServletContainerInitializer done


Dynamic libraries:
0x00007ff6881e0000 - 0x00007ff688217000 	C:\Program Files\Java\jre1.8.0_191\bin\javaw.exe
0x00007ff90f370000 - 0x00007ff90f551000 	C:\Windows\SYSTEM32\ntdll.dll
0x00007ff8f1d50000 - 0x00007ff8f1d64000 	C:\Program Files\AVAST Software\Avast\x64\aswhooka.dll
0x00007ff90ead0000 - 0x00007ff90eb82000 	C:\Windows\System32\KERNEL32.DLL
0x00007ff90c020000 - 0x00007ff90c293000 	C:\Windows\System32\KERNELBASE.dll
0x00007ff90f150000 - 0x00007ff90f1f1000 	C:\Windows\System32\ADVAPI32.dll
0x00007ff90e670000 - 0x00007ff90e70e000 	C:\Windows\System32\msvcrt.dll
0x00007ff90f280000 - 0x00007ff90f2db000 	C:\Windows\System32\sechost.dll
0x00007ff90c890000 - 0x00007ff90c9b4000 	C:\Windows\System32\RPCRT4.dll
0x00007ff90e890000 - 0x00007ff90ea20000 	C:\Windows\System32\USER32.dll
0x00007ff90bf00000 - 0x00007ff90bf20000 	C:\Windows\System32\win32u.dll
0x00007ff90ef10000 - 0x00007ff90ef38000 	C:\Windows\System32\GDI32.dll
0x00007ff90c660000 - 0x00007ff90c7f2000 	C:\Windows\System32\gdi32full.dll
0x00007ff90c490000 - 0x00007ff90c52f000 	C:\Windows\System32\msvcp_win.dll
0x00007ff90bf20000 - 0x00007ff90c01a000 	C:\Windows\System32\ucrtbase.dll
0x00007ff8f7c80000 - 0x00007ff8f7ee9000 	C:\Windows\WinSxS\amd64_microsoft.windows.common-controls_6595b64144ccf1df_6.0.17134.345_none_fb429a5930656358\COMCTL32.dll
0x00007ff90c9c0000 - 0x00007ff90cce3000 	C:\Windows\System32\combase.dll
0x00007ff90c5e0000 - 0x00007ff90c65a000 	C:\Windows\System32\bcryptPrimitives.dll
0x00007ff90f020000 - 0x00007ff90f04d000 	C:\Windows\System32\IMM32.DLL
0x0000000073eb0000 - 0x0000000073f82000 	C:\Program Files\Java\jre1.8.0_191\bin\msvcr100.dll
0x0000000072ed0000 - 0x0000000073774000 	C:\Program Files\Java\jre1.8.0_191\bin\server\jvm.dll
0x00007ff90eb90000 - 0x00007ff90eb98000 	C:\Windows\System32\PSAPI.DLL
0x00007ff900840000 - 0x00007ff900849000 	C:\Windows\SYSTEM32\WSOCK32.dll
0x00007ff90eea0000 - 0x00007ff90ef0c000 	C:\Windows\System32\WS2_32.dll
0x00007ff9077f0000 - 0x00007ff907813000 	C:\Windows\SYSTEM32\WINMM.dll
0x00007ff8ff1d0000 - 0x00007ff8ff1da000 	C:\Windows\SYSTEM32\VERSION.dll
0x00007ff9077c0000 - 0x00007ff9077ea000 	C:\Windows\SYSTEM32\WINMMBASE.dll
0x00007ff90b740000 - 0x00007ff90b789000 	C:\Windows\System32\cfgmgr32.dll
0x0000000073ea0000 - 0x0000000073eaf000 	C:\Program Files\Java\jre1.8.0_191\bin\verify.dll
0x0000000073e70000 - 0x0000000073e99000 	C:\Program Files\Java\jre1.8.0_191\bin\java.dll
0x0000000073e50000 - 0x0000000073e66000 	C:\Program Files\Java\jre1.8.0_191\bin\zip.dll
0x00007ff90d230000 - 0x00007ff90e66f000 	C:\Windows\System32\SHELL32.dll
0x00007ff90ea20000 - 0x00007ff90eac9000 	C:\Windows\System32\shcore.dll
0x00007ff90b7f0000 - 0x00007ff90befd000 	C:\Windows\System32\windows.storage.dll
0x00007ff90f2e0000 - 0x00007ff90f331000 	C:\Windows\System32\shlwapi.dll
0x00007ff90b700000 - 0x00007ff90b711000 	C:\Windows\System32\kernel.appcore.dll
0x00007ff90b720000 - 0x00007ff90b73f000 	C:\Windows\System32\profapi.dll
0x00007ff90b690000 - 0x00007ff90b6dc000 	C:\Windows\System32\powrprof.dll
0x00007ff90b680000 - 0x00007ff90b68a000 	C:\Windows\System32\FLTLIB.DLL
0x0000000073dc0000 - 0x0000000073dcd000 	C:\Program Files\Java\jre1.8.0_191\bin\management.dll
0x0000000073e30000 - 0x0000000073e4a000 	C:\Program Files\Java\jre1.8.0_191\bin\net.dll
0x00007ff90af00000 - 0x00007ff90af66000 	C:\Windows\system32\mswsock.dll
0x0000000073e10000 - 0x0000000073e21000 	C:\Program Files\Java\jre1.8.0_191\bin\nio.dll
0x00007ff8ecf70000 - 0x00007ff8ecf86000 	C:\Windows\system32\napinsp.dll
0x00007ff8ecec0000 - 0x00007ff8eceda000 	C:\Windows\system32\pnrpnsp.dll
0x00007ff905c90000 - 0x00007ff905ca9000 	C:\Windows\system32\NLAapi.dll
0x00007ff90acc0000 - 0x00007ff90ad7e000 	C:\Windows\SYSTEM32\DNSAPI.dll
0x00007ff90f010000 - 0x00007ff90f018000 	C:\Windows\System32\NSI.dll
0x00007ff90ac80000 - 0x00007ff90acb8000 	C:\Windows\SYSTEM32\IPHLPAPI.DLL
0x00007ff8ef080000 - 0x00007ff8ef08e000 	C:\Windows\System32\winrnr.dll
0x00007ff905020000 - 0x00007ff905035000 	C:\Windows\System32\wshbth.dll
0x00007ff9004e0000 - 0x00007ff9004ea000 	C:\Windows\System32\rasadhlp.dll
0x00007ff9005e0000 - 0x00007ff900652000 	C:\Windows\System32\fwpuclnt.dll
0x00007ff90b1e0000 - 0x00007ff90b205000 	C:\Windows\SYSTEM32\bcrypt.dll
0x00007ff90b0c0000 - 0x00007ff90b0d7000 	C:\Windows\SYSTEM32\CRYPTSP.dll
0x00007ff90aae0000 - 0x00007ff90ab13000 	C:\Windows\system32\rsaenh.dll
0x00007ff90b580000 - 0x00007ff90b5a8000 	C:\Windows\SYSTEM32\USERENV.dll
0x00007ff90b0b0000 - 0x00007ff90b0bb000 	C:\Windows\SYSTEM32\CRYPTBASE.dll
0x00007ff900bb0000 - 0x00007ff900bc6000 	C:\Windows\SYSTEM32\dhcpcsvc6.DLL
0x00007ff900c60000 - 0x00007ff900c7a000 	C:\Windows\SYSTEM32\dhcpcsvc.DLL

VM Arguments:
jvm_args: -Dcom.sun.management.jmxremote -Dcom.sun.management.jmxremote.port=60826 -Dcom.sun.management.jmxremote.authenticate=false -Dcom.sun.management.jmxremote.ssl=false -Djava.rmi.server.hostname=localhost -Dspring.liveBeansView.mbeanDomain -Dspring.application.admin.enabled=true -Xverify:none -XX:TieredStopAtLevel=1 -Dfile.encoding=UTF-8 
java_command: com.lattice.assign.DemoApplication
java_class_path (initial): C:\Users\Kukreti\eclipse-workspace\latticeassign\target\classes;C:\Users\Kukreti\.m2\repository\org\springframework\boot\spring-boot-starter-data-jpa\2.0.6.RELEASE\spring-boot-starter-data-jpa-2.0.6.RELEASE.jar;C:\Users\Kukreti\.m2\repository\org\springframework\boot\spring-boot-starter\2.0.6.RELEASE\spring-boot-starter-2.0.6.RELEASE.jar;C:\Users\Kukreti\.m2\repository\org\springframework\boot\spring-boot\2.0.6.RELEASE\spring-boot-2.0.6.RELEASE.jar;C:\Users\Kukreti\.m2\repository\org\springframework\boot\spring-boot-autoconfigure\2.0.6.RELEASE\spring-boot-autoconfigure-2.0.6.RELEASE.jar;C:\Users\Kukreti\.m2\repository\org\springframework\boot\spring-boot-starter-logging\2.0.6.RELEASE\spring-boot-starter-logging-2.0.6.RELEASE.jar;C:\Users\Kukreti\.m2\repository\ch\qos\logback\logback-classic\1.2.3\logback-classic-1.2.3.jar;C:\Users\Kukreti\.m2\repository\ch\qos\logback\logback-core\1.2.3\logback-core-1.2.3.jar;C:\Users\Kukreti\.m2\repository\org\apache\logging\log4j\log4j-to-slf4j\2.10.0\log4j-to-slf4j-2.10.0.jar;C:\Users\Kukreti\.m2\repository\org\apache\logging\log4j\log4j-api\2.10.0\log4j-api-2.10.0.jar;C:\Users\Kukreti\.m2\repository\org\slf4j\jul-to-slf4j\1.7.25\jul-to-slf4j-1.7.25.jar;C:\Users\Kukreti\.m2\repository\javax\annotation\javax.annotation-api\1.3.2\javax.annotation-api-1.3.2.jar;C:\Users\Kukreti\.m2\repository\org\yaml\snakeyaml\1.19\snakeyaml-1.19.jar;C:\Users\Kukreti\.m2\repository\org\springframework\boot\spring-boot-starter-aop\2.0.6.RELEASE\spring-boot-starter-aop-2.0.6.RELEASE.jar;C:\Users\Kukreti\.m2\repository\org\springframework\spring-aop\5.0.10.RELEASE\spring-aop-5.0.10.RELEASE.jar;C:\Users\Kukreti\.m2\repository\org\aspectj\aspectjweaver\1.8.13\aspectjweaver-1.8.13.jar;C:\Users\Kukreti\.m2\repository\org\springframework\boot\spring-boot-starter-jdbc\2.0.6.RELEASE\spring-boot-starter-jdbc-2.0.6.RELEASE.jar;C:\Users\Kukreti\.m2\repository\com\zaxxer\HikariCP\2.7.9\HikariCP-2.7.9.jar;C:\Users\Kukreti\.m2\reposito
Launcher Type: SUN_STANDARD

Environment Variables:
PATH=C:/Program Files/Java/jre1.8.0_191/bin/server;C:/Program Files/Java/jre1.8.0_191/bin;C:/Program Files/Java/jre1.8.0_191/lib/amd64;C:\Program Files (x86)\Common Files\Oracle\Java\javapath;C:\Windows\system32;C:\Windows;C:\Windows\System32\Wbem;C:\Windows\System32\WindowsPowerShell\v1.0\;C:\Windows\System32\OpenSSH\;C:\Program Files\Git\cmd;C:\Program Files\nodejs\;C:\Users\Kukreti\AppData\Local\Microsoft\WindowsApps;;C:\Users\Kukreti\AppData\Local\Programs\Microsoft VS Code\bin;C:\Users\Kukreti\AppData\Roaming\npm;C:\Users\Kukreti\Desktop;
USERNAME=Kukreti
OS=Windows_NT
PROCESSOR_IDENTIFIER=Intel64 Family 6 Model 142 Stepping 9, GenuineIntel



---------------  S Y S T E M  ---------------

OS: Windows 10.0 , 64 bit Build 17134 (10.0.17134.1)

CPU:total 4 (initial active 4) (2 cores per cpu, 2 threads per core) family 6 model 142 stepping 9, cmov, cx8, fxsr, mmx, sse, sse2, sse3, ssse3, sse4.1, sse4.2, popcnt, avx, avx2, aes, clmul, erms, 3dnowpref, lzcnt, ht, tsc, tscinvbit, bmi1, bmi2, adx

Memory: 4k page, physical 8156116k(691792k free), swap 8156116k(2832k free)

vm_info: Java HotSpot(TM) 64-Bit Server VM (25.191-b12) for windows-amd64 JRE (1.8.0_191-b12), built on Oct  6 2018 09:29:03 by "java_re" with MS VC++ 10.0 (VS2010)

time: Thu Nov 01 16:51:12 2018
elapsed time: 1 seconds (0d 0h 0m 1s)

